Assembler report for de1_top
Fri Mar 31 09:27:11 2017
Quartus Prime Version 16.0.1 Build 218 06/01/2016 SJ Standard Edition


---------------------
; Table of Contents ;
---------------------
  1. Legal Notice
  2. Assembler Summary
  3. Assembler Settings
  4. Assembler Generated Files
  5. Assembler Device Options: de1_top.sof
  6. Assembler Messages



----------------
; Legal Notice ;
----------------
Copyright (C) 1991-2016 Altera Corporation. All rights reserved.
Your use of Altera Corporation's design tools, logic functions 
and other software and tools, and its AMPP partner logic 
functions, and any output files from any of the foregoing 
(including device programming or simulation files), and any 
associated documentation or information are expressly subject 
to the terms and conditions of the Altera Program License 
Subscription Agreement, the Altera Quartus Prime License Agreement,
the Altera MegaCore Function License Agreement, or other 
applicable license agreement, including, without limitation, 
that your use is for the sole purpose of programming logic 
devices manufactured by Altera and sold by Altera or its 
authorized distributors.  Please refer to the applicable 
agreement for further details.



+---------------------------------------------------------------+
; Assembler Summary                                             ;
+-----------------------+---------------------------------------+
; Assembler Status      ; Successful - Fri Mar 31 09:27:11 2017 ;
; Revision Name         ; de1_top                               ;
; Top-level Entity Name ; de1_top                               ;
; Family                ; Cyclone V                             ;
; Device                ; 5CSEMA5F31C6                          ;
+-----------------------+---------------------------------------+


+----------------------------------+
; Assembler Settings               ;
+--------+---------+---------------+
; Option ; Setting ; Default Value ;
+--------+---------+---------------+


+---------------------------+
; Assembler Generated Files ;
+---------------------------+
; File Name                 ;
+---------------------------+
; de1_top.sof               ;
+---------------------------+


+---------------------------------------+
; Assembler Device Options: de1_top.sof ;
+----------------+----------------------+
; Option         ; Setting              ;
+----------------+----------------------+
; Device         ; 5CSEMA5F31C6         ;
; JTAG usercode  ; 0x010AD5F3           ;
; Checksum       ; 0x010AD5F3           ;
+----------------+----------------------+


+--------------------+
; Assembler Messages ;
+--------------------+
Info: *******************************************************************
Info: Running Quartus Prime Assembler
    Info: Version 16.0.1 Build 218 06/01/2016 SJ Standard Edition
    Info: Processing started: Fri Mar 31 09:27:03 2017
Info: Command: quartus_asm --read_settings_files=off --write_settings_files=off de1_top -c de1_top
Info (125069): Default assignment values were changed in the current version of the Quartus Prime software -- changes to default assignments values are contained in file /opt/EDA/quartus16/quartus/linux64/assignment_defaults.qdf
Warning (18236): Number of processors has not been specified which may cause overloading on shared machines.  Set the global assignment NUM_PARALLEL_PROCESSORS in your QSF to an appropriate value for best performance.
Info (115030): Assembler is generating device programming files
Info: Quartus Prime Assembler was successful. 0 errors, 1 warning
    Info: Peak virtual memory: 1251 megabytes
    Info: Processing ended: Fri Mar 31 09:27:11 2017
    Info: Elapsed time: 00:00:08
    Info: Total CPU time (on all processors): 00:00:06


