Flow report for de1_top
Fri Mar 31 09:27:24 2017
Quartus Prime Version 16.0.1 Build 218 06/01/2016 SJ Standard Edition


---------------------
; Table of Contents ;
---------------------
  1. Legal Notice
  2. Flow Summary
  3. Flow Settings
  4. Flow Non-Default Global Settings
  5. Flow Elapsed Time
  6. Flow OS Summary
  7. Flow Log
  8. Flow Messages
  9. Flow Suppressed Messages



----------------
; Legal Notice ;
----------------
Copyright (C) 1991-2016 Altera Corporation. All rights reserved.
Your use of Altera Corporation's design tools, logic functions 
and other software and tools, and its AMPP partner logic 
functions, and any output files from any of the foregoing 
(including device programming or simulation files), and any 
associated documentation or information are expressly subject 
to the terms and conditions of the Altera Program License 
Subscription Agreement, the Altera Quartus Prime License Agreement,
the Altera MegaCore Function License Agreement, or other 
applicable license agreement, including, without limitation, 
that your use is for the sole purpose of programming logic 
devices manufactured by Altera and sold by Altera or its 
authorized distributors.  Please refer to the applicable 
agreement for further details.



+-----------------------------------------------------------------------------------+
; Flow Summary                                                                      ;
+---------------------------------+-------------------------------------------------+
; Flow Status                     ; Successful - Fri Mar 31 09:27:24 2017           ;
; Quartus Prime Version           ; 16.0.1 Build 218 06/01/2016 SJ Standard Edition ;
; Revision Name                   ; de1_top                                         ;
; Top-level Entity Name           ; de1_top                                         ;
; Family                          ; Cyclone V                                       ;
; Device                          ; 5CSEMA5F31C6                                    ;
; Timing Models                   ; Final                                           ;
; Logic utilization (in ALMs)     ; 2,273 / 32,070 ( 7 % )                          ;
; Total registers                 ; 4119                                            ;
; Total pins                      ; 67 / 457 ( 15 % )                               ;
; Total virtual pins              ; 0                                               ;
; Total block memory bits         ; 0 / 4,065,280 ( 0 % )                           ;
; Total DSP Blocks                ; 0 / 87 ( 0 % )                                  ;
; Total HSSI RX PCSs              ; 0                                               ;
; Total HSSI PMA RX Deserializers ; 0                                               ;
; Total HSSI TX PCSs              ; 0                                               ;
; Total HSSI PMA TX Serializers   ; 0                                               ;
; Total PLLs                      ; 0 / 6 ( 0 % )                                   ;
; Total DLLs                      ; 0 / 4 ( 0 % )                                   ;
+---------------------------------+-------------------------------------------------+


+-----------------------------------------+
; Flow Settings                           ;
+-------------------+---------------------+
; Option            ; Setting             ;
+-------------------+---------------------+
; Start date & time ; 03/31/2017 09:25:40 ;
; Main task         ; Compilation         ;
; Revision Name     ; de1_top             ;
+-------------------+---------------------+


+----------------------------------------------------------------------------------------------------------------------------+
; Flow Non-Default Global Settings                                                                                           ;
+-------------------------------------+---------------------------------------+---------------+-------------+----------------+
; Assignment Name                     ; Value                                 ; Default Value ; Entity Name ; Section Id     ;
+-------------------------------------+---------------------------------------+---------------+-------------+----------------+
; COMPILER_SIGNATURE_ID               ; 0.149094514008124                     ; --            ; --          ; --             ;
; EDA_NETLIST_WRITER_OUTPUT_DIR       ; simulation/modelsim                   ; --            ; --          ; eda_simulation ;
; EDA_OUTPUT_DATA_FORMAT              ; Vhdl                                  ; --            ; --          ; eda_simulation ;
; EDA_SIMULATION_TOOL                 ; QuestaSim (VHDL)                      ; <None>        ; --          ; --             ;
; EDA_TIME_SCALE                      ; 1 ps                                  ; --            ; --          ; eda_simulation ;
; MAX_CORE_JUNCTION_TEMP              ; 85                                    ; --            ; --          ; --             ;
; MIN_CORE_JUNCTION_TEMP              ; 0                                     ; --            ; --          ; --             ;
; PARTITION_COLOR                     ; 16764057                              ; --            ; --          ; Top            ;
; PARTITION_FITTER_PRESERVATION_LEVEL ; PLACEMENT_AND_ROUTING                 ; --            ; --          ; Top            ;
; PARTITION_NETLIST_TYPE              ; SOURCE                                ; --            ; --          ; Top            ;
; POWER_BOARD_THERMAL_MODEL           ; None (CONSERVATIVE)                   ; --            ; --          ; --             ;
; POWER_PRESET_COOLING_SOLUTION       ; 23 MM HEAT SINK WITH 200 LFPM AIRFLOW ; --            ; --          ; --             ;
; PROJECT_OUTPUT_DIRECTORY            ; output_files                          ; --            ; --          ; --             ;
+-------------------------------------+---------------------------------------+---------------+-------------+----------------+


+-------------------------------------------------------------------------------------------------------------------------------+
; Flow Elapsed Time                                                                                                             ;
+---------------------------+--------------+-------------------------+---------------------+------------------------------------+
; Module Name               ; Elapsed Time ; Average Processors Used ; Peak Virtual Memory ; Total CPU Time (on all processors) ;
+---------------------------+--------------+-------------------------+---------------------+------------------------------------+
; Analysis & Synthesis      ; 00:00:11     ; 1.0                     ; 1339 MB             ; 00:00:24                           ;
; Fitter                    ; 00:01:10     ; 1.2                     ; 2484 MB             ; 00:02:00                           ;
; Assembler                 ; 00:00:08     ; 1.0                     ; 1251 MB             ; 00:00:06                           ;
; TimeQuest Timing Analyzer ; 00:00:10     ; 2.3                     ; 1567 MB             ; 00:00:19                           ;
; EDA Netlist Writer        ; 00:00:02     ; 1.0                     ; 1471 MB             ; 00:00:02                           ;
; Total                     ; 00:01:41     ; --                      ; --                  ; 00:02:51                           ;
+---------------------------+--------------+-------------------------+---------------------+------------------------------------+


+---------------------------------------------------------------------------------------------+
; Flow OS Summary                                                                             ;
+---------------------------+------------------+----------------+------------+----------------+
; Module Name               ; Machine Hostname ; OS Name        ; OS Version ; Processor type ;
+---------------------------+------------------+----------------+------------+----------------+
; Analysis & Synthesis      ; a09pc20          ; Ubuntu 14.04.5 ; 14         ; x86_64         ;
; Fitter                    ; a09pc20          ; Ubuntu 14.04.5 ; 14         ; x86_64         ;
; Assembler                 ; a09pc20          ; Ubuntu 14.04.5 ; 14         ; x86_64         ;
; TimeQuest Timing Analyzer ; a09pc20          ; Ubuntu 14.04.5 ; 14         ; x86_64         ;
; EDA Netlist Writer        ; a09pc20          ; Ubuntu 14.04.5 ; 14         ; x86_64         ;
+---------------------------+------------------+----------------+------------+----------------+


------------
; Flow Log ;
------------
quartus_map --read_settings_files=on --write_settings_files=off de1_top -c de1_top
quartus_fit --read_settings_files=off --write_settings_files=off de1_top -c de1_top
quartus_asm --read_settings_files=off --write_settings_files=off de1_top -c de1_top
quartus_sta de1_top -c de1_top
quartus_eda --read_settings_files=off --write_settings_files=off de1_top -c de1_top



